0 info it worked if it ends with ok
1 verbose cli [ 'C:\\Program Files\\nodejs\\\\node.exe',
1 verbose cli   'C:\\Program Files\\nodejs\\node_modules\\npm\\bin\\npm-cli.js',
1 verbose cli   'install',
1 verbose cli   '-g',
1 verbose cli   'npm-check-updates',
1 verbose cli   ' -u' ]
2 info using npm@2.7.4
3 info using node@v0.12.2
4 verbose node symlink C:\Program Files\nodejs\\node.exe
5 silly cache add args [ 'npm-check-updates', null ]
6 verbose cache add spec npm-check-updates
7 silly cache add args [ ' -u', null ]
8 verbose cache add spec  -u
9 silly cache add parsed spec { raw: 'npm-check-updates',
9 silly cache add   scope: null,
9 silly cache add   name: 'npm-check-updates',
9 silly cache add   rawSpec: '',
9 silly cache add   spec: '*',
9 silly cache add   type: 'range' }
10 verbose addNamed npm-check-updates@*
11 silly addNamed semver.valid null
12 silly addNamed semver.validRange *
13 silly addNameRange { name: 'npm-check-updates', range: '*', hasData: false }
14 silly mapToRegistry name npm-check-updates
15 silly mapToRegistry using default registry
16 silly mapToRegistry registry https://registry.npmjs.org/
17 silly mapToRegistry uri https://registry.npmjs.org/npm-check-updates
18 verbose addNameRange registry:https://registry.npmjs.org/npm-check-updates not in flight; fetching
19 silly cache add parsed spec { raw: '-u',
19 silly cache add   scope: null,
19 silly cache add   name: null,
19 silly cache add   rawSpec: '-u',
19 silly cache add   spec: 'C:\\Projects\\Cardinal.Projects\\-u',
19 silly cache add   type: 'local' }
20 error addLocal Could not install C:\Projects\Cardinal.Projects\-u
21 verbose request uri https://registry.npmjs.org/npm-check-updates
22 verbose request no auth needed
23 info attempt registry request try #1 at 8:34:31 PM
24 verbose request id ac5ca89b61d8cbc4
25 verbose etag "4Y5BCU1KVDDI26R1U59JQXFGD"
26 http request GET https://registry.npmjs.org/npm-check-updates
27 http 304 https://registry.npmjs.org/npm-check-updates
28 silly get cb [ 304,
28 silly get   { date: 'Sun, 03 May 2015 00:34:33 GMT',
28 silly get     via: '1.1 varnish',
28 silly get     'last-modified': 'Sun, 03 May 2015 00:34:33 GMT',
28 silly get     'cache-control': 'max-age=60',
28 silly get     etag: '"4Y5BCU1KVDDI26R1U59JQXFGD"',
28 silly get     age: '0',
28 silly get     connection: 'keep-alive',
28 silly get     'x-served-by': 'cache-dfw1833-DFW',
28 silly get     'x-cache': 'MISS',
28 silly get     'x-cache-hits': '0',
28 silly get     'x-timer': 'S1430613273.102464,VS0,VE259',
28 silly get     vary: 'Accept' } ]
29 verbose etag https://registry.npmjs.org/npm-check-updates from cache
30 verbose get saving npm-check-updates to C:\Users\Steve\AppData\Roaming\npm-cache\registry.npmjs.org\npm-check-updates\.cache.json
31 silly addNameRange number 2 { name: 'npm-check-updates', range: '*', hasData: true }
32 silly addNameRange versions [ 'npm-check-updates',
32 silly addNameRange   [ '1.0.0',
32 silly addNameRange     '1.0.1',
32 silly addNameRange     '1.1.0',
32 silly addNameRange     '1.1.1',
32 silly addNameRange     '1.2.0',
32 silly addNameRange     '1.3.0',
32 silly addNameRange     '1.5.0',
32 silly addNameRange     '1.5.1',
32 silly addNameRange     '2.0.0-alpha1',
32 silly addNameRange     '2.0.0-alpha2',
32 silly addNameRange     '2.0.0-alpha3',
32 silly addNameRange     '2.0.0-alpha4',
32 silly addNameRange     '2.0.0-alpha5',
32 silly addNameRange     '2.0.0-alpha6',
32 silly addNameRange     '2.0.0-alpha.7' ] ]
33 verbose addNamed npm-check-updates@1.5.1
34 silly addNamed semver.valid 1.5.1
35 silly addNamed semver.validRange 1.5.1
36 silly cache afterAdd npm-check-updates@1.5.1
37 verbose afterAdd C:\Users\Steve\AppData\Roaming\npm-cache\npm-check-updates\1.5.1\package\package.json not in flight; writing
38 verbose afterAdd C:\Users\Steve\AppData\Roaming\npm-cache\npm-check-updates\1.5.1\package\package.json written
39 verbose stack Error: ENOENT, open 'C:\Projects\Cardinal.Projects\-u'
39 verbose stack     at Error (native)
40 verbose cwd C:\Projects\Cardinal.Projects
41 error Windows_NT 6.3.9600
42 error argv "C:\\Program Files\\nodejs\\\\node.exe" "C:\\Program Files\\nodejs\\node_modules\\npm\\bin\\npm-cli.js" "install" "-g" "npm-check-updates" " -u"
43 error node v0.12.2
44 error npm  v2.7.4
45 error path C:\Projects\Cardinal.Projects\-u
46 error code ENOENT
47 error errno -4058
48 error enoent ENOENT, open 'C:\Projects\Cardinal.Projects\-u'
48 error enoent This is most likely not a problem with npm itself
48 error enoent and is related to npm not being able to find a file.
49 verbose exit [ -4058, true ]
